#
# There is insufficient memory for the Java Runtime Environment to continue.
# Native memory allocation (mmap) failed to map 130023424 bytes. Error detail: G1 virtual space
# Possible reasons:
#   The system is out of physical RAM or swap space
#   This process is running with CompressedOops enabled, and the Java Heap may be blocking the growth of the native heap
# Possible solutions:
#   Reduce memory load on the system
#   Increase physical memory or swap space
#   Check if swap backing store is full
#   Decrease Java heap size (-Xmx/-Xms)
#   Decrease number of Java threads
#   Decrease Java thread stack sizes (-Xss)
#   Set larger code cache with -XX:ReservedCodeCacheSize=
#   JVM is running with Unscaled Compressed Oops mode in which the Java heap is
#     placed in the first 4GB address space. The Java Heap base address is the
#     maximum limit for the native heap growth. Please use -XX:HeapBaseMinAddress
#     to set the Java Heap base and to place the Java Heap above 4GB virtual address.
# This output file may be truncated or incomplete.
#
#  Out of Memory Error (os_windows.cpp:3828), pid=23336, tid=15380
#
# JRE version:  (21.0.5+8) (build )
# Java VM: OpenJDK 64-Bit Server VM (21.0.5+8-b631.30, mixed mode, sharing, tiered, compressed oops, compressed class ptrs, g1 gc, windows-amd64)
# No core dump will be written. Minidumps are not enabled by default on client versions of Windows
#

---------------  S U M M A R Y ------------

Command Line: git4idea.http.GitAskPassApp Password for 'https://ShohruhMamatov@github.com': 

Host: 12th Gen Intel(R) Core(TM) i5-1235U, 12 cores, 7G,  Windows 11 , 64 bit Build 26100 (10.0.26100.4768)
Time: Sat Sep 13 06:15:22 2025 West Asia Standard Time elapsed time: 0.017635 seconds (0d 0h 0m 0s)

---------------  T H R E A D  ---------------

Current thread (0x000001b3b4ca4c00):  JavaThread "Unknown thread" [_thread_in_vm, id=15380, stack(0x0000002550200000,0x0000002550300000) (1024K)]

Stack: [0x0000002550200000,0x0000002550300000]
Native frames: (J=compiled Java code, j=interpreted, Vv=VM code, C=native code)
V  [jvm.dll+0x6e52b9]
V  [jvm.dll+0x8c3633]
V  [jvm.dll+0x8c5b8e]
V  [jvm.dll+0x8c6273]
V  [jvm.dll+0x288f46]
V  [jvm.dll+0x6e1a35]
V  [jvm.dll+0x6d5e3a]
V  [jvm.dll+0x3634bb]
V  [jvm.dll+0x36b086]
V  [jvm.dll+0x3bd346]
V  [jvm.dll+0x3bd618]
V  [jvm.dll+0x335c2c]
V  [jvm.dll+0x33691b]
V  [jvm.dll+0x88aa89]
V  [jvm.dll+0x3ca518]
V  [jvm.dll+0x873b98]
V  [jvm.dll+0x45eede]
V  [jvm.dll+0x460bc1]
C  [jli.dll+0x52ab]
C  [ucrtbase.dll+0x37b0]
C  [KERNEL32.DLL+0x2e8d7]
C  [ntdll.dll+0x3c34c]


---------------  P R O C E S S  ---------------

Threads class SMR info:
_java_thread_list=0x00007ff84f15a148, length=0, elements={
}

Java Threads: ( => current thread )
Total: 0

Other Threads:
  0x000001b3b70f1520 WorkerThread "GC Thread#0"                     [id=16568, stack(0x0000002550300000,0x0000002550400000) (1024K)]
  0x000001b3b7101c00 ConcurrentGCThread "G1 Main Marker"            [id=21152, stack(0x0000002550400000,0x0000002550500000) (1024K)]
  0x000001b3b7104990 WorkerThread "G1 Conc#0"                       [id=15600, stack(0x0000002550500000,0x0000002550600000) (1024K)]

[error occurred during error reporting (printing all threads), id 0xc0000005, EXCEPTION_ACCESS_VIOLATION (0xc0000005) at pc=0x00007ff84e848ce7]
VM state: not at safepoint (not fully initialized)

VM Mutex/Monitor currently owned by a thread:  ([mutex/lock_event])
[0x00007ff84f1ceb30] Heap_lock - owner thread: 0x000001b3b4ca4c00

Heap address: 0x0000000084800000, size: 1976 MB, Compressed Oops mode: 32-bit

CDS archive(s) mapped at: [0x0000000000000000-0x0000000000000000-0x0000000000000000), size 0, SharedBaseAddress: 0x0000000800000000, ArchiveRelocationMode: 1.
Narrow klass base: 0x0000000000000000, Narrow klass shift: 0, Narrow klass range: 0x0

GC Precious Log:
 CardTable entry size: 512
 Card Set container configuration: InlinePtr #cards 5 size 8 Array Of Cards #cards 12 size 40 Howl #buckets 4 coarsen threshold 1843 Howl Bitmap #cards 512 size 80 coarsen threshold 460 Card regions per heap region 1 cards per card region 2048

Heap:
 garbage-first heap   total 0K, used 0K [0x0000000084800000, 0x0000000100000000)
  region size 1024K, 0 young (0K), 0 survivors (0K)
 Metaspace       used 0K, committed 0K, reserved 0K
  class space    used 0K, committed 0K, reserved 0K

Heap Regions: E=young(eden), S=young(survivor), O=old, HS=humongous(starts), HC=humongous(continues), CS=collection set, F=free, TAMS=top-at-mark-start, PB=parsable bottom

Card table byte_map: [0x000001b3ca960000,0x000001b3cad40000] _byte_map_base: 0x000001b3ca53c000

Marking Bits: (CMBitMap*) 0x000001b3b70f1c20
 Bits: [0x000001b3cad40000, 0x000001b3ccc20000)

GC Heap History (0 events):
No events

Dll operation events (1 events):
Event: 0.011 Loaded shared library C:\Program Files\JetBrains\WebStorm 2024.3.2.1\jbr\bin\java.dll

Deoptimization events (0 events):
No events

Classes loaded (0 events):
No events

Classes unloaded (0 events):
No events

Classes redefined (0 events):
No events

Internal exceptions (0 events):
No events

ZGC Phase Switch (0 events):
No events

VM Operations (0 events):
No events

Memory protections (0 events):
No events

Nmethod flushes (0 events):
No events

Events (0 events):
No events


Dynamic libraries:
0x00007ff6068e0000 - 0x00007ff6068ea000 	C:\Program Files\JetBrains\WebStorm 2024.3.2.1\jbr\bin\java.exe
0x00007ff8bb520000 - 0x00007ff8bb787000 	C:\WINDOWS\SYSTEM32\ntdll.dll
0x00007ff8b9610000 - 0x00007ff8b96d9000 	C:\WINDOWS\System32\KERNEL32.DLL
0x00007ff8b89d0000 - 0x00007ff8b8dc0000 	C:\WINDOWS\System32\KERNELBASE.dll
0x00007ff8b8650000 - 0x00007ff8b879b000 	C:\WINDOWS\System32\ucrtbase.dll
0x00007ff8aed00000 - 0x00007ff8aed18000 	C:\Program Files\JetBrains\WebStorm 2024.3.2.1\jbr\bin\jli.dll
0x00007ff8b2370000 - 0x00007ff8b238b000 	C:\Program Files\JetBrains\WebStorm 2024.3.2.1\jbr\bin\VCRUNTIME140.dll
0x00007ff8ba4d0000 - 0x00007ff8ba695000 	C:\WINDOWS\System32\USER32.dll
0x00007ff8b9280000 - 0x00007ff8b92a7000 	C:\WINDOWS\System32\win32u.dll
0x00007ff89daf0000 - 0x00007ff89dd8a000 	C:\WINDOWS\WinSxS\amd64_microsoft.windows.common-controls_6595b64144ccf1df_6.0.26100.4768_none_3e0c112ce331287c\COMCTL32.dll
0x00007ff8b96e0000 - 0x00007ff8b970b000 	C:\WINDOWS\System32\GDI32.dll
0x00007ff8b9820000 - 0x00007ff8b98c9000 	C:\WINDOWS\System32\msvcrt.dll
0x00007ff8b90a0000 - 0x00007ff8b91d8000 	C:\WINDOWS\System32\gdi32full.dll
0x00007ff8b87a0000 - 0x00007ff8b8843000 	C:\WINDOWS\System32\msvcp_win.dll
0x00007ff8b9950000 - 0x00007ff8b997f000 	C:\WINDOWS\System32\IMM32.DLL
0x00007ff8b2390000 - 0x00007ff8b239c000 	C:\Program Files\JetBrains\WebStorm 2024.3.2.1\jbr\bin\vcruntime140_1.dll
0x00007ff84cfa0000 - 0x00007ff84d02d000 	C:\Program Files\JetBrains\WebStorm 2024.3.2.1\jbr\bin\msvcp140.dll
0x00007ff84e500000 - 0x00007ff84f2c1000 	C:\Program Files\JetBrains\WebStorm 2024.3.2.1\jbr\bin\server\jvm.dll
0x00007ff8bb420000 - 0x00007ff8bb4d4000 	C:\WINDOWS\System32\ADVAPI32.dll
0x00007ff8b9550000 - 0x00007ff8b95f6000 	C:\WINDOWS\System32\sechost.dll
0x00007ff8bb220000 - 0x00007ff8bb338000 	C:\WINDOWS\System32\RPCRT4.dll
0x00007ff8b94d0000 - 0x00007ff8b9544000 	C:\WINDOWS\System32\WS2_32.dll
0x00007ff8b84d0000 - 0x00007ff8b852e000 	C:\WINDOWS\SYSTEM32\POWRPROF.dll
0x00007ff8a5050000 - 0x00007ff8a505b000 	C:\WINDOWS\SYSTEM32\VERSION.dll
0x00007ff8b0dd0000 - 0x00007ff8b0e05000 	C:\WINDOWS\SYSTEM32\WINMM.dll
0x00007ff8b84b0000 - 0x00007ff8b84c4000 	C:\WINDOWS\SYSTEM32\UMPDC.dll
0x00007ff8b7390000 - 0x00007ff8b73ab000 	C:\WINDOWS\SYSTEM32\kernel.appcore.dll
0x00007ff8aed30000 - 0x00007ff8aed3a000 	C:\Program Files\JetBrains\WebStorm 2024.3.2.1\jbr\bin\jimage.dll
0x00007ff8b5ec0000 - 0x00007ff8b6101000 	C:\WINDOWS\SYSTEM32\DBGHELP.DLL
0x00007ff8ba6a0000 - 0x00007ff8baa25000 	C:\WINDOWS\System32\combase.dll
0x00007ff8b9710000 - 0x00007ff8b97f0000 	C:\WINDOWS\System32\OLEAUT32.dll
0x00007ff897680000 - 0x00007ff8976c3000 	C:\WINDOWS\SYSTEM32\dbgcore.DLL
0x00007ff8b91e0000 - 0x00007ff8b9279000 	C:\WINDOWS\System32\bcryptPrimitives.dll
0x00007ff8aece0000 - 0x00007ff8aed00000 	C:\Program Files\JetBrains\WebStorm 2024.3.2.1\jbr\bin\java.dll

dbghelp: loaded successfully - version: 4.0.5 - missing functions: none
symbol engine: initialized successfully - sym options: 0x614 - pdb path: .;C:\Program Files\JetBrains\WebStorm 2024.3.2.1\jbr\bin;C:\WINDOWS\SYSTEM32;C:\WINDOWS\WinSxS\amd64_microsoft.windows.common-controls_6595b64144ccf1df_6.0.26100.4768_none_3e0c112ce331287c;C:\Program Files\JetBrains\WebStorm 2024.3.2.1\jbr\bin\server

VM Arguments:
java_command: git4idea.http.GitAskPassApp Password for 'https://ShohruhMamatov@github.com': 
java_class_path (initial): C:/Program Files/JetBrains/WebStorm 2024.3.2.1/plugins/vcs-git/lib/git4idea-rt.jar;C:/Program Files/JetBrains/WebStorm 2024.3.2.1/lib/externalProcess-rt.jar
Launcher Type: SUN_STANDARD

[Global flags]
     intx CICompilerCount                          = 4                                         {product} {ergonomic}
     uint ConcGCThreads                            = 3                                         {product} {ergonomic}
     uint G1ConcRefinementThreads                  = 10                                        {product} {ergonomic}
   size_t G1HeapRegionSize                         = 1048576                                   {product} {ergonomic}
    uintx GCDrainStackTargetSize                   = 64                                        {product} {ergonomic}
   size_t InitialHeapSize                          = 130023424                                 {product} {ergonomic}
   size_t MarkStackSize                            = 4194304                                   {product} {ergonomic}
   size_t MaxHeapSize                              = 2071986176                                {product} {ergonomic}
   size_t MinHeapDeltaBytes                        = 1048576                                   {product} {ergonomic}
   size_t MinHeapSize                              = 8388608                                   {product} {ergonomic}
    uintx NonNMethodCodeHeapSize                   = 5839372                                {pd product} {ergonomic}
    uintx NonProfiledCodeHeapSize                  = 122909434                              {pd product} {ergonomic}
    uintx ProfiledCodeHeapSize                     = 122909434                              {pd product} {ergonomic}
    uintx ReservedCodeCacheSize                    = 251658240                              {pd product} {ergonomic}
     bool SegmentedCodeCache                       = true                                      {product} {ergonomic}
   size_t SoftMaxHeapSize                          = 2071986176                             {manageable} {ergonomic}
     bool UseCompressedOops                        = true                           {product lp64_product} {ergonomic}
     bool UseG1GC                                  = true                                      {product} {ergonomic}
     bool UseLargePagesIndividualAllocation        = false                                  {pd product} {ergonomic}

Logging:
Log output configuration:
 #0: stdout all=warning uptime,level,tags foldmultilines=false
 #1: stderr all=off uptime,level,tags foldmultilines=false

Environment Variables:
PATH=C:\Program Files\Git\mingw64\libexec\git-core;C:\Program Files\Git\mingw64\libexec\git-core;C:\Program Files\Git\mingw64\bin;C:\Program Files\Git\usr\bin;C:\Users\acer\bin;F:\c21\dbhomeXE\bin;C:\Program Files (x86)\Common Files\Oracle\Java\java8path;C:\Program Files (x86)\Common Files\Oracle\Java\javapath;C:\WINDOWS\system32;C:\WINDOWS;C:\WINDOWS\System32\Wbem;C:\WINDOWS\System32\WindowsPowerShell\v1.0;C:\WINDOWS\System32\OpenSSH;C:\Program Files\Azure Data Studio\bin;C:\Program Files\Microsoft SQL Server\Client SDK\ODBC\170\Tools\Binn;C:\Program Files\Microsoft SQL Server\160\DTS\Binn;C:\Program Files\Git\cmd;C:\Program Files\Docker\Docker\resources\bin;C:\Program Files\heroku;C:\Program Files\nodejs;C:\Users\acer\AppData\Local\npm-cache\_npx\53b8fd318f0d6c47\node_modules\.bin;C:\Program Files\Microsoft SQL Server\170\DTS\Binn;C:\Program Files\Microsoft SQL Server\130\DTS\Binn;C:\Program Files\Microsoft SQL Server\140\DTS\Binn;C:\Program Files\Microsoft SQL Server\150\DTS\Binn;C:\Program Files (x86)\Microsoft SQL Server\160\Tools\Binn;C:\Program Files\Microsoft SQL Server\160\Tools\Binn;C:\Program Files (x86)\Microsoft SQL Server\160\DTS\Binn;C:\Users\acer\AppData\Local\Programs\Python\Launcher;C:\Users\acer\AppData\Local\Microsoft\WindowsApps;C:\msys64\ucrt64\bin;C:\MinGW\bin;C:\Program Files\Azure Data Studio\bin;C:\Users\acer\AppData\Local\Programs\Python\Python312\Scripts;C:\Users\acer\AppData\Local\Packages\PythonSoftwareFoundation.Python.3.11_qbz5n2kfra8p0\LocalCache\local-packages\Python311\Scripts;C:\dev\flutter\bin;C:\Program Files\heroku\bin;C:\Users\acer\AppData\Local\GitHubDesktop\bin;C:\Program Files\JetBrains\WebStorm 2024.3.2.1\bin;C:\Users\acer\AppData\Roaming\npm;C:\Users\acer\AppData\Local\npm-cache\_npx\53b8fd318f0d6c47\node_modules\.bin;C:\Program Files\JetBrains\IntelliJ IDEA 2024.3.5\bin;C:\Users\acer\AppData\Local\Programs\Microsoft VS Code\bin
USERNAME=acer
DISPLAY=:0.0
LC_ALL=en_US.UTF-8
TERM=xterm-256color
TMPDIR=C:\Users\acer\AppData\Local\Temp
OS=Windows_NT
PROCESSOR_IDENTIFIER=Intel64 Family 6 Model 154 Stepping 4, GenuineIntel
TMP=C:\Users\acer\AppData\Local\Temp
TEMP=C:\Users\acer\AppData\Local\Temp




Periodic native trim disabled

JNI global refs:
JNI global refs: 0, weak refs: 0

JNI global refs memory usage: 0, weak refs: 0

Process memory usage:
Resident Set Size: 12716K (0% of 8085560K total physical memory with 841356K free physical memory)

OOME stack traces (most recent first):
Classloader memory used:

---------------  S Y S T E M  ---------------

OS:
 Windows 11 , 64 bit Build 26100 (10.0.26100.4768)
OS uptime: 1 days 10:42 hours
Hyper-V role detected

CPU: total 12 (initial active 12) (6 cores per cpu, 2 threads per core) family 6 model 154 stepping 4 microcode 0x423, cx8, cmov, fxsr, ht, mmx, 3dnowpref, sse, sse2, sse3, ssse3, sse4.1, sse4.2, popcnt, lzcnt, tsc, tscinvbit, avx, avx2, aes, erms, clmul, bmi1, bmi2, adx, sha, fma, vzeroupper, clflush, clflushopt, clwb, hv, serialize, rdtscp, rdpid, fsrm, f16c, cet_ibt, cet_ss
Processor Information for processor 0
  Max Mhz: 1300, Current Mhz: 1300, Mhz Limit: 1300
Processor Information for processor 1
  Max Mhz: 1300, Current Mhz: 1300, Mhz Limit: 1300
Processor Information for processor 2
  Max Mhz: 1300, Current Mhz: 1300, Mhz Limit: 1300
Processor Information for processor 3
  Max Mhz: 1300, Current Mhz: 1300, Mhz Limit: 1300
Processor Information for processor 4
  Max Mhz: 1300, Current Mhz: 900, Mhz Limit: 897
Processor Information for processor 5
  Max Mhz: 1300, Current Mhz: 900, Mhz Limit: 897
Processor Information for processor 6
  Max Mhz: 1300, Current Mhz: 900, Mhz Limit: 897
Processor Information for processor 7
  Max Mhz: 1300, Current Mhz: 900, Mhz Limit: 897
Processor Information for processor 8
  Max Mhz: 1300, Current Mhz: 900, Mhz Limit: 897
Processor Information for processor 9
  Max Mhz: 1300, Current Mhz: 900, Mhz Limit: 897
Processor Information for processor 10
  Max Mhz: 1300, Current Mhz: 900, Mhz Limit: 897
Processor Information for processor 11
  Max Mhz: 1300, Current Mhz: 900, Mhz Limit: 897

Memory: 4k page, system-wide physical 7896M (821M free)
TotalPageFile size 14886M (AvailPageFile size 127M)
current process WorkingSet (physical memory assigned to process): 12M, peak: 12M
current process commit charge ("private bytes"): 64M, peak: 188M

vm_info: OpenJDK 64-Bit Server VM (21.0.5+8-b631.30) for windows-amd64 JRE (21.0.5+8-b631.30), built on 2024-12-06 by "builduser" with MS VC++ 16.10 / 16.11 (VS2019)

END.
